<?xml version="1.0" encoding="UTF-8"?>
<robot generator="Robot 4.0 (Python 3.11.4 on win32)" generated="20230627 12:11:03.643" rpa="false" schemaversion="2">
<suite id="s1" name="Calculator auto" source="C:\Users\vikramadityaanand\PycharmProjects\RobotAutomation\TestCases\Calculator_auto.robot">
<test id="s1-t1" name="Calculator app">
<kw name="Calculator">
<arg>5</arg>
<arg>3</arg>
<kw name="Open Executable" library="RPA.Desktop.Windows">
<arg>calc.exe</arg>
<arg>Calculator</arg>
<doc>Open Windows executable. Window title name is required
to get handle on the application.</doc>
<msg timestamp="20230627 12:11:04.136" level="INFO">Opening executable: calc.exe - window: Calculator</msg>
<msg timestamp="20230627 12:11:04.144" level="INFO">Open dialog: 'Calculator'</msg>
<msg timestamp="20230627 12:11:04.809" level="INFO">Connect to application handle: 1967992</msg>
<status status="PASS" starttime="20230627 12:11:04.135" endtime="20230627 12:11:05.194"/>
</kw>
<kw name="Mouse Click" library="RPA.Desktop.Windows">
<arg>id:num${first}Button</arg>
<doc>Mouse click `locator`, `coordinates`, or `image`</doc>
<msg timestamp="20230627 12:11:05.195" level="INFO">Mouse click: id:num5Button</msg>
<msg timestamp="20230627 12:11:05.196" level="INFO">Click type 'click' at (485, 794)</msg>
<status status="PASS" starttime="20230627 12:11:05.194" endtime="20230627 12:11:05.309"/>
</kw>
<kw name="Mouse Click" library="RPA.Desktop.Windows">
<arg>id:plusButton</arg>
<doc>Mouse click `locator`, `coordinates`, or `image`</doc>
<msg timestamp="20230627 12:11:05.309" level="INFO">Mouse click: id:plusButton</msg>
<msg timestamp="20230627 12:11:05.309" level="INFO">Click type 'click' at (799, 900)</msg>
<status status="PASS" starttime="20230627 12:11:05.309" endtime="20230627 12:11:05.872"/>
</kw>
<kw name="Mouse Click" library="RPA.Desktop.Windows">
<arg>id:num${second}Button</arg>
<doc>Mouse click `locator`, `coordinates`, or `image`</doc>
<msg timestamp="20230627 12:11:05.873" level="INFO">Mouse click: id:num3Button</msg>
<msg timestamp="20230627 12:11:05.874" level="INFO">Click type 'click' at (642, 900)</msg>
<status status="PASS" starttime="20230627 12:11:05.872" endtime="20230627 12:11:06.451"/>
</kw>
<kw name="Mouse Click" library="RPA.Desktop.Windows">
<arg>id:equalButton</arg>
<doc>Mouse click `locator`, `coordinates`, or `image`</doc>
<msg timestamp="20230627 12:11:06.452" level="INFO">Mouse click: id:equalButton</msg>
<msg timestamp="20230627 12:11:06.453" level="INFO">Click type 'click' at (799, 1006)</msg>
<status status="PASS" starttime="20230627 12:11:06.452" endtime="20230627 12:11:07.019"/>
</kw>
<kw name="Get Text">
<var>${result}=</var>
<arg>id:CalculatorResults</arg>
<msg timestamp="20230627 12:11:07.020" level="FAIL">Multiple keywords with name 'Get Text' found. Give the full name of the keyword you want to use:
    RPA.Desktop.Windows.Get Text
    RPA.Windows.Get Text</msg>
<status status="FAIL" starttime="20230627 12:11:07.020" endtime="20230627 12:11:07.020"/>
</kw>
<kw name="Notebook Print" library="RPA.core.notebook">
<arg>${result}</arg>
<doc>Display IPython Markdown object in the notebook</doc>
<status status="NOT RUN" starttime="20230627 12:11:07.021" endtime="20230627 12:11:07.021"/>
</kw>
<kw name="Quit Application" library="RPA.Desktop.Windows">
<doc>Quit an application by application id or
active application if `app_id` is None.</doc>
<status status="NOT RUN" starttime="20230627 12:11:07.021" endtime="20230627 12:11:07.021"/>
</kw>
<status status="FAIL" starttime="20230627 12:11:04.135" endtime="20230627 12:11:07.022"/>
</kw>
<status status="FAIL" starttime="20230627 12:11:04.135" endtime="20230627 12:11:07.024">Multiple keywords with name 'Get Text' found. Give the full name of the keyword you want to use:
    RPA.Desktop.Windows.Get Text
    RPA.Windows.Get Text</status>
</test>
<status status="FAIL" starttime="20230627 12:11:03.644" endtime="20230627 12:11:07.026"/>
</suite>
<statistics>
<total>
<stat pass="0" fail="1" skip="0">All Tests</stat>
</total>
<tag>
</tag>
<suite>
<stat pass="0" fail="1" skip="0" id="s1" name="Calculator auto">Calculator auto</stat>
</suite>
</statistics>
<errors>
<msg timestamp="20230627 12:11:04.097" level="WARN">C:\Python311\Lib\site-packages\RPA\Desktop\Windows.py:216: FutureWarning: `RPA.Desktop.Windows` got deprecated and will be no longer maintained, please use `RPA.Windows` instead (https://robocorp.com/docs/libraries/rpa-framework/rpa-windows)
  deprecation(
</msg>
</errors>
</robot>
